[1/9] Performing build step for 'bootloader'
[1/1] cmd.exe /C "cd /D D:\DME-Projects_Software\DiscoNeut\Firmware\test-routines\Blink\blink\build\bootloader\esp-idf\esptool_py && D:\Espressif\python_env\idf5.0_py3.11_env\Scripts\python.exe D:/Espressif/frameworks/esp-idf-v5.0.1/components/partition_table/check_sizes.py --offset 0x8000 bootloader 0x0 D:/DME-Projects_Software/DiscoNeut/Firmware/test-routines/Blink/blink/build/bootloader/bootloader.bin"
Bootloader binary size 0x4ee0 bytes. 0x3120 bytes (38%) free.
[2/7] Building C object esp-idf/main/CMakeFiles/__idf_main.dir/blink_example_main.c.obj
D:/DME-Projects_Software/DiscoNeut/Firmware/test-routines/Blink/blink/main/blink_example_main.c: In function 'app_main':
D:/DME-Projects_Software/DiscoNeut/Firmware/test-routines/Blink/blink/main/blink_example_main.c:132:13: warning: unused variable 'loopCounter' [-Wunused-variable]
  132 |     uint8_t loopCounter = 0;
      |             ^~~~~~~~~~~
At top level:
D:/DME-Projects_Software/DiscoNeut/Firmware/test-routines/Blink/blink/main/blink_example_main.c:49:13: warning: 'blink_led' defined but not used [-Wunused-function]
   49 | static void blink_led(void)
      |             ^~~~~~~~~
[3/7] Linking C static library esp-idf\main\libmain.a
[4/7] Generating ld/sections.ld
[5/7] Linking CXX executable blink.elf
FAILED: blink.elf 
cmd.exe /C "cd . && D:\Espressif\tools\riscv32-esp-elf\esp-2022r1-11.2.0\riscv32-esp-elf\bin\riscv32-esp-elf-g++.exe -march=rv32imc -nostartfiles -march=rv32imc --specs=nosys.specs @CMakeFiles\blink.elf.rsp -o blink.elf  && cd ."
d:/espressif/tools/riscv32-esp-elf/esp-2022r1-11.2.0/riscv32-esp-elf/bin/../lib/gcc/riscv32-esp-elf/11.2.0/../../../../riscv32-esp-elf/bin/ld.exe: esp-idf/main/libmain.a(blink_example_main.c.obj): in function `app_main':
D:/DME-Projects_Software/DiscoNeut/Firmware/test-routines/Blink/blink/main/blink_example_main.c:141: undefined reference to `leds_draw_circle'
collect2.exe: error: ld returned 1 exit status
ninja: build stopped: subcommand failed.
