[1/10] Performing build step for 'bootloader'
[1/1] cmd.exe /C "cd /D D:\DME-Projects_Software\DiscoNeut\Firmware\test-routines\Blink\blink\build\bootloader\esp-idf\esptool_py && D:\Espressif\python_env\idf5.0_py3.11_env\Scripts\python.exe D:/Espressif/frameworks/esp-idf-v5.0.1/components/partition_table/check_sizes.py --offset 0x8000 bootloader 0x0 D:/DME-Projects_Software/DiscoNeut/Firmware/test-routines/Blink/blink/build/bootloader/bootloader.bin"
Bootloader binary size 0x4ee0 bytes. 0x3120 bytes (38%) free.
[2/8] Building C object esp-idf/main/CMakeFiles/__idf_main.dir/led_patterns.c.obj
In file included from D:/DME-Projects_Software/DiscoNeut/Firmware/test-routines/Blink/blink/main/led_patterns.c:10:
D:/DME-Projects_Software/DiscoNeut/Firmware/test-routines/Blink/blink/main/LED_DEFINES.h:26:16: warning: 'LOWER_LINE_LEDS' defined but not used [-Wunused-variable]
   26 | static uint8_t LOWER_LINE_LEDS[] = {27, 28, 29, 30, 31, 32, 33, 34, 35, 36, 37, 38, 39};
      |                ^~~~~~~~~~~~~~~
D:/DME-Projects_Software/DiscoNeut/Firmware/test-routines/Blink/blink/main/LED_DEFINES.h:21:16: warning: 'CENTER_LINE_LEDS' defined but not used [-Wunused-variable]
   21 | static uint8_t CENTER_LINE_LEDS[] = {14, 15, 16, 17, 18, 19, 20, 21, 22, 23, 24, 25, 26};
      |                ^~~~~~~~~~~~~~~~
D:/DME-Projects_Software/DiscoNeut/Firmware/test-routines/Blink/blink/main/LED_DEFINES.h:14:16: warning: 'UPPER_LINE_LEDS' defined but not used [-Wunused-variable]
   14 | static uint8_t UPPER_LINE_LEDS[] = {1, 2, 3, 4, 5, 6, 7, 8, 9, 10, 11, 12, 13};
      |                ^~~~~~~~~~~~~~~
D:/DME-Projects_Software/DiscoNeut/Firmware/test-routines/Blink/blink/main/LED_DEFINES.h:4:16: warning: 'CENTER_LEDS' defined but not used [-Wunused-variable]
    4 | static uint8_t CENTER_LEDS = 20;
      |                ^~~~~~~~~~~
[3/8] Building C object esp-idf/main/CMakeFiles/__idf_main.dir/blink_example_main.c.obj
D:/DME-Projects_Software/DiscoNeut/Firmware/test-routines/Blink/blink/main/blink_example_main.c: In function 'app_main':
D:/DME-Projects_Software/DiscoNeut/Firmware/test-routines/Blink/blink/main/blink_example_main.c:132:13: warning: unused variable 'loopCounter' [-Wunused-variable]
  132 |     uint8_t loopCounter = 0;
      |             ^~~~~~~~~~~
At top level:
D:/DME-Projects_Software/DiscoNeut/Firmware/test-routines/Blink/blink/main/blink_example_main.c:63:13: warning: 'run_led' defined but not used [-Wunused-function]
   63 | static void run_led(void)
      |             ^~~~~~~
D:/DME-Projects_Software/DiscoNeut/Firmware/test-routines/Blink/blink/main/blink_example_main.c:49:13: warning: 'blink_led' defined but not used [-Wunused-function]
   49 | static void blink_led(void)
      |             ^~~~~~~~~
[4/8] Linking C static library esp-idf\main\libmain.a
[5/8] Generating ld/sections.ld
[6/8] Linking CXX executable blink.elf
FAILED: blink.elf 
cmd.exe /C "cd . && D:\Espressif\tools\riscv32-esp-elf\esp-2022r1-11.2.0\riscv32-esp-elf\bin\riscv32-esp-elf-g++.exe -march=rv32imc -nostartfiles -march=rv32imc --specs=nosys.specs @CMakeFiles\blink.elf.rsp -o blink.elf  && cd ."
d:/espressif/tools/riscv32-esp-elf/esp-2022r1-11.2.0/riscv32-esp-elf/bin/../lib/gcc/riscv32-esp-elf/11.2.0/../../../../riscv32-esp-elf/bin/ld.exe: esp-idf/main/libmain.a(blink_example_main.c.obj): in function `app_main':
D:/DME-Projects_Software/DiscoNeut/Firmware/test-routines/Blink/blink/main/blink_example_main.c:145: undefined reference to `scrollCircle'
collect2.exe: error: ld returned 1 exit status
ninja: build stopped: subcommand failed.
