[1/6] Performing build step for 'bootloader'
[1/1] cmd.exe /C "cd /D D:\DME-Projects_Software\DiscoNeut\Firmware\test-routines\Blink\blink\build\bootloader\esp-idf\esptool_py && D:\Espressif\python_env\idf5.0_py3.11_env\Scripts\python.exe D:/Espressif/frameworks/esp-idf-v5.0.1/components/partition_table/check_sizes.py --offset 0x8000 bootloader 0x0 D:/DME-Projects_Software/DiscoNeut/Firmware/test-routines/Blink/blink/build/bootloader/bootloader.bin"
Bootloader binary size 0x4ee0 bytes. 0x3120 bytes (38%) free.
[2/4] Linking CXX executable blink.elf
FAILED: blink.elf 
cmd.exe /C "cd . && D:\Espressif\tools\riscv32-esp-elf\esp-2022r1-11.2.0\riscv32-esp-elf\bin\riscv32-esp-elf-g++.exe -march=rv32imc -nostartfiles -march=rv32imc --specs=nosys.specs @CMakeFiles\blink.elf.rsp -o blink.elf  && cd ."
d:/espressif/tools/riscv32-esp-elf/esp-2022r1-11.2.0/riscv32-esp-elf/bin/../lib/gcc/riscv32-esp-elf/11.2.0/../../../../riscv32-esp-elf/bin/ld.exe: esp-idf/main/libmain.a(blink_example_main.c.obj): in function `app_main':
D:/DME-Projects_Software/DiscoNeut/Firmware/test-routines/Blink/blink/main/blink_example_main.c:141: undefined reference to `leds_draw_circle'
collect2.exe: error: ld returned 1 exit status
ninja: build stopped: subcommand failed.
